[38;5;0m[HTTP][0m [37m-->[39m [37mPOST[39m [37m/session[39m
[38;5;0m[HTTP][0m [90m{"capabilities":{"alwaysMatch":{"appium:deviceName":"devicename","platformName":"Android","appium:platformVersion":"13.0","appium:appPackage":"com.fghilmany.dietmealapp","appium:appActivity":".ui.main.MainActivity","appium:ignoreHiddenApiPolicyError":true,"appium:noReset":true,"appium:automationName":"UiAutomator2","appium:app":"C:\\MAGANG\\sanbercode\\appiumwdio\\appiumwdio\\test\\apk\\Diet_meal.apk"},"firstMatch":[{}]},"desiredCapabilities":{"appium:deviceName":"devicename","platformName":"Android","appium:platformVersion":"13.0","appium:appPackage":"com.fghilmany.dietmealapp","appium:appActivity":".ui.main.MainActivity","appium:ignoreHiddenApiPolicyError":true,"appium:noReset":true,"appium:automationName":"UiAutomator2","appium:app":"C:\\MAGANG\\sanbercode\\appiumwdio\\appiumwdio\\test\\apk\\Diet_meal.apk"}}[39m
[38;5;16m[AppiumDriver@90ef][0m Calling AppiumDriver.createSession() with args: [{"appium:deviceName":"devicename","platformName":"Android","appium:platformVersion":"13.0","appium:appPackage":"com.fghilmany.dietmealapp","appium:appActivity":".ui.main.MainActivity","appium:ignoreHiddenApiPolicyError":true,"appium:noReset":true,"appium:automationName":"UiAutomator2","appium:app":"C:\\MAGANG\\sanbercode\\appiumwdio\\appiumwdio\\test\\apk\\Diet_meal.apk"},null,{"alwaysMatch":{"appium:deviceName":"devicename","platformName":"Android","appium:platformVersion":"13.0","appium:appPackage":"com.fghilmany.dietmealapp","appium:appActivity":".ui.main.MainActivity","appium:ignoreHiddenApiPolicyError":true,"appium:noReset":true,"appium:automationName":"UiAutomator2","appium:app":"C:\\MAGANG\\sanbercode\\appiumwdio\\appiumwdio\\test\\apk\\Diet_meal.apk"},"firstMatch":[{}]}]
[38;5;16m[AppiumDriver@90ef][0m Event 'newSessionRequested' logged at 1710551970231 (08:19:30 GMT+0700 (Western Indonesia Time))
[35m[Appium][39m Attempting to find matching driver for automationName 'UiAutomator2' and platformName 'Android'
[35m[Appium][39m The 'uiautomator2' driver was installed and matched caps.
[35m[Appium][39m Will require it at C:\MAGANG\sanbercode\appiumwdio\appiumwdio\node_modules\appium-uiautomator2-driver
[35m[Appium][39m Requiring driver at C:\MAGANG\sanbercode\appiumwdio\appiumwdio\node_modules\appium-uiautomator2-driver\build\index.js
[38;5;16m[AppiumDriver@90ef][0m Appium v2.5.1 creating new AndroidUiautomator2Driver (v3.0.2) session
[38;5;16m[AppiumDriver@90ef][0m Checking BaseDriver versions for Appium and AndroidUiautomator2Driver
[38;5;16m[AppiumDriver@90ef][0m Appium's BaseDriver version is 9.5.2
[38;5;16m[AppiumDriver@90ef][0m AndroidUiautomator2Driver's BaseDriver version is 9.5.2
[38;5;32m[AndroidUiautomator2Driver@68c1][0m Creating session with W3C capabilities: {
[38;5;32m[AndroidUiautomator2Driver@68c1][0m   "alwaysMatch": {
[38;5;32m[AndroidUiautomator2Driver@68c1][0m     "platformName": "Android",
[38;5;32m[AndroidUiautomator2Driver@68c1][0m     "appium:deviceName": "devicename",
[38;5;32m[AndroidUiautomator2Driver@68c1][0m     "appium:platformVersion": "13.0",
[38;5;32m[AndroidUiautomator2Driver@68c1][0m     "appium:appPackage": "com.fghilmany.dietmealapp",
[38;5;32m[AndroidUiautomator2Driver@68c1][0m     "appium:appActivity": ".ui.main.MainActivity",
[38;5;32m[AndroidUiautomator2Driver@68c1][0m     "appium:ignoreHiddenApiPolicyError": true,
[38;5;32m[AndroidUiautomator2Driver@68c1][0m     "appium:noReset": true,
[38;5;32m[AndroidUiautomator2Driver@68c1][0m     "appium:automationName": "UiAutomator2",
[38;5;32m[AndroidUiautomator2Driver@68c1][0m     "appium:app": "C:\\MAGANG\\sanbercode\\appiumwdio\\appiumwdio\\test\\apk\\Diet_meal.apk"
[38;5;32m[AndroidUiautomator2Driver@68c1][0m   },
[38;5;32m[AndroidUiautomator2Driver@68c1][0m   "firstMatch": [
[38;5;32m[AndroidUiautomator2Driver@68c1][0m     {}
[38;5;32m[AndroidUiautomator2Driver@68c1][0m   ]
[38;5;32m[AndroidUiautomator2Driver@68c1][0m }
[38;5;32m[AndroidUiautomator2Driver@68c1 (a4c95f41)][0m Session created with session id: a4c95f41-623e-4cf5-806f-c0630f5fd835
[38;5;48m[ADB][0m Found 2 'build-tools' folders under 'C:\Users\ACER\AppData\Local\Android\sdk' (newest first):
[38;5;48m[ADB][0m     C:\Users\ACER\AppData\Local\Android\sdk\build-tools\34.0.0
[38;5;48m[ADB][0m     C:\Users\ACER\AppData\Local\Android\sdk\build-tools\33.0.0
[38;5;48m[ADB][0m Using 'adb.exe' from 'C:\Users\ACER\AppData\Local\Android\sdk\platform-tools\adb.exe'
[38;5;48m[ADB][0m Running 'C:\Users\ACER\AppData\Local\Android\sdk\platform-tools\adb.exe -P 5037 start-server'
[38;5;32m[AndroidUiautomator2Driver@68c1 (a4c95f41)][0m Retrieving device list
[38;5;48m[ADB][0m Trying to find connected Android devices
[38;5;48m[ADB][0m Getting connected devices
[38;5;48m[ADB][0m Connected devices: [{"udid":"RRCT4004PEW","state":"device"}]
[38;5;32m[AndroidUiautomator2Driver@68c1 (a4c95f41)][0m Looking for a device with Android '13.0.0'
[38;5;48m[ADB][0m Setting device id to RRCT4004PEW
[38;5;48m[ADB][0m Getting device platform version
[38;5;48m[ADB][0m Running 'C:\Users\ACER\AppData\Local\Android\sdk\platform-tools\adb.exe -P 5037 -s RRCT4004PEW shell getprop ro.build.version.release'
[38;5;48m[ADB][0m Current device property 'ro.build.version.release': 13
[38;5;32m[AndroidUiautomator2Driver@68c1 (a4c95f41)][0m Using device: RRCT4004PEW
[38;5;48m[ADB][0m Using 'adb.exe' from 'C:\Users\ACER\AppData\Local\Android\sdk\platform-tools\adb.exe'
[38;5;48m[ADB][0m Running 'C:\Users\ACER\AppData\Local\Android\sdk\platform-tools\adb.exe -P 5037 start-server'
[38;5;48m[ADB][0m Setting device id to RRCT4004PEW
[38;5;64m[BaseDriver][0m Using local app 'C:\MAGANG\sanbercode\appiumwdio\appiumwdio\test\apk\Diet_meal.apk'
[38;5;32m[AndroidUiautomator2Driver@68c1 (a4c95f41)][0m Checking whether app is actually present
[38;5;48m[ADB][0m Running 'C:\Users\ACER\AppData\Local\Android\sdk\platform-tools\adb.exe -P 5037 -s RRCT4004PEW shell getprop ro.build.version.sdk'
[38;5;48m[ADB][0m Current device property 'ro.build.version.sdk': 33
[38;5;48m[ADB][0m Getting device platform version
[38;5;48m[ADB][0m Running 'C:\Users\ACER\AppData\Local\Android\sdk\platform-tools\adb.exe -P 5037 -s RRCT4004PEW shell getprop ro.build.version.release'
[38;5;48m[ADB][0m Current device property 'ro.build.version.release': 13
[38;5;48m[ADB][0m Device API level: 33
[38;5;32m[AndroidUiautomator2Driver@68c1 (a4c95f41)][0m Relaxing hidden api policy
[38;5;48m[ADB][0m Running 'C:\Users\ACER\AppData\Local\Android\sdk\platform-tools\adb.exe -P 5037 -s RRCT4004PEW shell 'settings put global hidden_api_policy_pre_p_apps 1;settings put global hidden_api_policy_p_apps 1;settings put global hidden_api_policy 1''
[38;5;32m[AndroidUiautomator2Driver@68c1 (a4c95f41)][0m Pushing settings apk to the device...
[38;5;48m[ADB][0m Getting package info for 'io.appium.settings'
[38;5;48m[ADB][0m Running 'C:\Users\ACER\AppData\Local\Android\sdk\platform-tools\adb.exe -P 5037 -s RRCT4004PEW shell dumpsys package io.appium.settings'
[38;5;48m[ADB][0m The version name of the installed 'io.appium.settings' is greater or equal to the application version name ('5.7.6' >= '5.7.6')
[38;5;48m[ADB][0m There is no need to install/upgrade 'C:\MAGANG\sanbercode\appiumwdio\appiumwdio\node_modules\appium-uiautomator2-driver\node_modules\io.appium.settings\apks\settings_apk-debug.apk'
[38;5;48m[ADB][0m Running 'C:\Users\ACER\AppData\Local\Android\sdk\platform-tools\adb.exe -P 5037 -s RRCT4004PEW shell dumpsys activity services io.appium.settings'
[38;5;32m[AndroidUiautomator2Driver@68c1 (a4c95f41)][0m io.appium.settings is already running. There is no need to reset its permissions.
[38;5;80m[Logcat][0m Starting logs capture with command: C:\\Users\\ACER\\AppData\\Local\\Android\\sdk\\platform-tools\\adb.exe -P 5037 -s RRCT4004PEW logcat -v threadtime
[38;5;48m[ADB][0m Running 'C:\Users\ACER\AppData\Local\Android\sdk\platform-tools\adb.exe -P 5037 -s RRCT4004PEW shell appops set io.appium.settings android:mock_location allow'
[38;5;48m[ADB][0m Running 'C:\Users\ACER\AppData\Local\Android\sdk\platform-tools\adb.exe -P 5037 -s RRCT4004PEW shell "[ -e '/data/local/tmp/mock_apps.json' ] && echo __PASS__"'
[38;5;48m[ADB][0m Running 'C:\Users\ACER\AppData\Local\Android\sdk\platform-tools\adb.exe -P 5037 -s RRCT4004PEW shell cat /data/local/tmp/mock_apps.json'
[38;5;32m[AndroidUiautomator2Driver@68c1 (a4c95f41)][0m Forwarding UiAutomator2 Server port 6790 to local port 8200
[38;5;48m[ADB][0m Forwarding system: 8200 to device: 6790
[38;5;48m[ADB][0m Running 'C:\Users\ACER\AppData\Local\Android\sdk\platform-tools\adb.exe -P 5037 -s RRCT4004PEW forward tcp:8200 tcp:6790'
[38;5;48m[ADB][0m Getting install status for com.fghilmany.dietmealapp
[38;5;48m[ADB][0m Running 'C:\Users\ACER\AppData\Local\Android\sdk\platform-tools\adb.exe -P 5037 -s RRCT4004PEW shell pm path com.fghilmany.dietmealapp'
[38;5;48m[ADB][0m Checking app cert for C:\MAGANG\sanbercode\appiumwdio\appiumwdio\node_modules\appium-uiautomator2-driver\node_modules\appium-uiautomator2-server\apks\appium-uiautomator2-server-v7.0.3.apk
[38;5;48m[ADB][0m Checking app cert for C:\MAGANG\sanbercode\appiumwdio\appiumwdio\node_modules\appium-uiautomator2-driver\node_modules\appium-uiautomator2-server\apks\appium-uiautomator2-server-debug-androidTest.apk
[38;5;48m[ADB][0m Using 'apksigner.jar' from 'C:\Users\ACER\AppData\Local\Android\sdk\build-tools\34.0.0\lib\apksigner.jar'
[38;5;48m[ADB][0m Starting apksigner: 'C:\\Program Files\\Common Files\\Oracle\\Java\\javapath\\java.exe' -Xmx1024M -Xss1m -jar C:\\Users\\ACER\\AppData\\Local\\Android\\sdk\\build-tools\\34.0.0\\lib\\apksigner.jar verify --print-certs C:\\MAGANG\\sanbercode\\appiumwdio\\appiumwdio\\node_modules\\appium-uiautomator2-driver\\node_modules\\appium-uiautomator2-server\\apks\\appium-uiautomator2-server-debug-androidTest.apk
[38;5;48m[ADB][0m 'com.fghilmany.dietmealapp' is installed
[38;5;32m[AndroidUiautomator2Driver@68c1 (a4c95f41)][0m noReset has been requested and the app is already installed. Doing nothing
[38;5;48m[ADB][0m Starting apksigner: 'C:\\Program Files\\Common Files\\Oracle\\Java\\javapath\\java.exe' -Xmx1024M -Xss1m -jar C:\\Users\\ACER\\AppData\\Local\\Android\\sdk\\build-tools\\34.0.0\\lib\\apksigner.jar verify --print-certs C:\\MAGANG\\sanbercode\\appiumwdio\\appiumwdio\\node_modules\\appium-uiautomator2-driver\\node_modules\\appium-uiautomator2-server\\apks\\appium-uiautomator2-server-v7.0.3.apk
[38;5;48m[ADB][0m apksigner stdout: Signer #1 certificate DN: EMAILADDRESS=android@android.com, CN=Android, OU=Android, O=Android, L=Mountain View, ST=California, C=US
[38;5;48m[ADB][0m Signer #1 certificate SHA-256 digest: a40da80a59d170caa950cf15c18c454d47a39b26989d8b640ecd745ba71bf5dc
[38;5;48m[ADB][0m Signer #1 certificate SHA-1 digest: 61ed377e85d386a8dfee6b864bd85b0bfaa5af81
[38;5;48m[ADB][0m Signer #1 certificate MD5 digest: e89b158e4bcf988ebd09eb83f5378e87
[38;5;48m[ADB][0m 
[38;5;48m[ADB][0m sha256 hash did match for 'appium-uiautomator2-server-debug-androidTest.apk'
[38;5;48m[ADB][0m 'C:\MAGANG\sanbercode\appiumwdio\appiumwdio\node_modules\appium-uiautomator2-driver\node_modules\appium-uiautomator2-server\apks\appium-uiautomator2-server-debug-androidTest.apk' is signed with the default certificate
[38;5;48m[ADB][0m Getting install status for io.appium.uiautomator2.server.test
[38;5;48m[ADB][0m Running 'C:\Users\ACER\AppData\Local\Android\sdk\platform-tools\adb.exe -P 5037 -s RRCT4004PEW shell pm path io.appium.uiautomator2.server.test'
[38;5;48m[ADB][0m 'io.appium.uiautomator2.server.test' is installed
[38;5;48m[ADB][0m apksigner stdout: Signer #1 certificate DN: EMAILADDRESS=android@android.com, CN=Android, OU=Android, O=Android, L=Mountain View, ST=California, C=US
[38;5;48m[ADB][0m Signer #1 certificate SHA-256 digest: a40da80a59d170caa950cf15c18c454d47a39b26989d8b640ecd745ba71bf5dc
[38;5;48m[ADB][0m Signer #1 certificate SHA-1 digest: 61ed377e85d386a8dfee6b864bd85b0bfaa5af81
[38;5;48m[ADB][0m Signer #1 certificate MD5 digest: e89b158e4bcf988ebd09eb83f5378e87
[38;5;48m[ADB][0m 
[38;5;48m[ADB][0m sha256 hash did match for 'appium-uiautomator2-server-v7.0.3.apk'
[38;5;48m[ADB][0m 'C:\MAGANG\sanbercode\appiumwdio\appiumwdio\node_modules\appium-uiautomator2-driver\node_modules\appium-uiautomator2-server\apks\appium-uiautomator2-server-v7.0.3.apk' is signed with the default certificate
[38;5;48m[ADB][0m Getting package info for 'io.appium.uiautomator2.server'
[38;5;48m[ADB][0m Running 'C:\Users\ACER\AppData\Local\Android\sdk\platform-tools\adb.exe -P 5037 -s RRCT4004PEW shell dumpsys package io.appium.uiautomator2.server'
[38;5;48m[ADB][0m The version name of the installed 'io.appium.uiautomator2.server' is greater or equal to the application version name ('7.0.3' >= '7.0.3')
[38;5;32m[AndroidUiautomator2Driver@68c1 (a4c95f41)][0m Server packages status: [{"wasSigned":true,"installState":"sameVersionInstalled","appPath":"C:\\MAGANG\\sanbercode\\appiumwdio\\appiumwdio\\node_modules\\appium-uiautomator2-driver\\node_modules\\appium-uiautomator2-server\\apks\\appium-uiautomator2-server-v7.0.3.apk","appId":"io.appium.uiautomator2.server"},{"wasSigned":true,"installState":"sameVersionInstalled","appPath":"C:\\MAGANG\\sanbercode\\appiumwdio\\appiumwdio\\node_modules\\appium-uiautomator2-driver\\node_modules\\appium-uiautomator2-server\\apks\\appium-uiautomator2-server-debug-androidTest.apk","appId":"io.appium.uiautomator2.server.test"}]
[38;5;32m[AndroidUiautomator2Driver@68c1 (a4c95f41)][0m Server packages are not going to be (re)installed
[38;5;32m[AndroidUiautomator2Driver@68c1 (a4c95f41)][0m Waiting up to 30000ms for services to be available
[38;5;48m[ADB][0m Running 'C:\Users\ACER\AppData\Local\Android\sdk\platform-tools\adb.exe -P 5037 -s RRCT4004PEW shell pm list instrumentation'
[38;5;32m[AndroidUiautomator2Driver@68c1 (a4c95f41)][0m Instrumentation target 'io.appium.uiautomator2.server.test/androidx.test.runner.AndroidJUnitRunner' is available
[38;5;48m[ADB][0m Adding packages ["io.appium.settings","io.appium.uiautomator2.server","io.appium.uiautomator2.server.test"] to Doze whitelist
[38;5;48m[ADB][0m Got the following command chunks to execute: [["dumpsys","deviceidle","whitelist","+io.appium.settings",";","dumpsys","deviceidle","whitelist","+io.appium.uiautomator2.server",";","dumpsys","deviceidle","whitelist","+io.appium.uiautomator2.server.test",";"]]
[38;5;48m[ADB][0m Running 'C:\Users\ACER\AppData\Local\Android\sdk\platform-tools\adb.exe -P 5037 -s RRCT4004PEW shell dumpsys deviceidle whitelist +io.appium.settings ; dumpsys deviceidle whitelist +io.appium.uiautomator2.server ; dumpsys deviceidle whitelist +io.appium.uiautomator2.server.test ;'
[38;5;32m[AndroidUiautomator2Driver@68c1 (a4c95f41)][0m Performing shallow cleanup of automation leftovers
[38;5;32m[AndroidUiautomator2Driver@68c1 (a4c95f41)][0m No obsolete sessions have been detected (socket hang up)
[38;5;48m[ADB][0m Running 'C:\Users\ACER\AppData\Local\Android\sdk\platform-tools\adb.exe -P 5037 -s RRCT4004PEW shell am force-stop io.appium.uiautomator2.server.test'
[38;5;32m[AndroidUiautomator2Driver@68c1 (a4c95f41)][0m Starting UIAutomator2 server 7.0.3
[38;5;32m[AndroidUiautomator2Driver@68c1 (a4c95f41)][0m Using UIAutomator2 server from 'C:\MAGANG\sanbercode\appiumwdio\appiumwdio\node_modules\appium-uiautomator2-driver\node_modules\appium-uiautomator2-server\apks\appium-uiautomator2-server-v7.0.3.apk' and test from 'C:\MAGANG\sanbercode\appiumwdio\appiumwdio\node_modules\appium-uiautomator2-driver\node_modules\appium-uiautomator2-server\apks\appium-uiautomator2-server-debug-androidTest.apk'
[38;5;32m[AndroidUiautomator2Driver@68c1 (a4c95f41)][0m Waiting up to 30000ms for UiAutomator2 to be online...
[38;5;48m[ADB][0m Creating ADB subprocess with args: ["-P","5037","-s","RRCT4004PEW","shell","am","instrument","-w","-e","disableAnalytics","true","io.appium.uiautomator2.server.test/androidx.test.runner.AndroidJUnitRunner"]
[38;5;32m[AndroidUiautomator2Driver@68c1 (a4c95f41)][0m Matched '/status' to command name 'getStatus'
[38;5;32m[AndroidUiautomator2Driver@68c1 (a4c95f41)][0m Proxying [GET /status] to [GET http://127.0.0.1:8200/status] with no body
[38;5;32m[AndroidUiautomator2Driver@68c1 (a4c95f41)][0m socket hang up
[38;5;96m[Instrumentation][0m io.appium.uiautomator2.server.test.AppiumUiAutomator2Server:
[38;5;32m[AndroidUiautomator2Driver@68c1 (a4c95f41)][0m Matched '/status' to command name 'getStatus'
[38;5;32m[AndroidUiautomator2Driver@68c1 (a4c95f41)][0m Proxying [GET /status] to [GET http://127.0.0.1:8200/status] with no body
[38;5;32m[AndroidUiautomator2Driver@68c1 (a4c95f41)][0m socket hang up
[38;5;32m[AndroidUiautomator2Driver@68c1 (a4c95f41)][0m Matched '/status' to command name 'getStatus'
[38;5;32m[AndroidUiautomator2Driver@68c1 (a4c95f41)][0m Proxying [GET /status] to [GET http://127.0.0.1:8200/status] with no body
[38;5;32m[AndroidUiautomator2Driver@68c1 (a4c95f41)][0m Got response with status 200: {"sessionId":"None","value":{"message":"UiAutomator2 Server is ready to accept commands","ready":true}}
[38;5;32m[AndroidUiautomator2Driver@68c1 (a4c95f41)][0m The initialization of the instrumentation process took 2182ms
[38;5;32m[AndroidUiautomator2Driver@68c1 (a4c95f41)][0m Matched '/session' to command name 'createSession'
[38;5;32m[AndroidUiautomator2Driver@68c1 (a4c95f41)][0m Proxying [POST /session] to [POST http://127.0.0.1:8200/session] with body: {"capabilities":{"firstMatch":[{"platformName":"Android","deviceName":"RRCT4004PEW","platformVersion":"13.0","appPackage":"com.fghilmany.dietmealapp","appActivity":".ui.main.MainActivity","ignoreHiddenApiPolicyError":true,"noReset":true,"automationName":"UiAutomator2","app":"C:\\MAGANG\\sanbercode\\appiumwdio\\appiumwdio\\test\\apk\\Diet_meal.apk","platform":"LINUX","webStorageEnabled":false,"takesScreenshot":true,"javascriptEnabled":true,"databaseEnabled":false,"networkConnectionEnabled":true,"locationContextEnabled":false,"warnings":{},"desired":{"platformName":"Android","deviceName":"devicename","platformVersion":"13.0","appPackage":"com.fghilmany.dietmealapp","appActivity":".ui.main.MainActivity","ignoreHiddenApiPolicyError":true,"noReset":true,"automationName":"UiAutomator2","app":"C:\\MAGANG\\sanbercode\\appiumwdio\\appiumwdio\\test\\apk\\Diet_meal.apk"},"deviceUDID":"RRCT4004PEW"}],"alwaysMatch":{}}}
[38;5;32m[AndroidUiautomator2Driver@68c1 (a4c95f41)][0m Got response with status 200: {"sessionId":"878ca557-7bdc-4fda-b7f6-3b146f7b26a7","value":{"capabilities":{"firstMatch":[{"platformName":"Android","deviceName":"RRCT4004PEW","platformVersion":"13.0","appPackage":"com.fghilmany.dietmealapp","appActivity":".ui.main.MainActivity","ignoreHiddenApiPolicyError":true,"noReset":true,"automationName":"UiAutomator2","app":"C:\\MAGANG\\sanbercode\\appiumwdio\\appiumwdio\\test\\apk\\Diet_meal.apk","platform":"LINUX","webStorageEnabled":false,"takesScreenshot":true,"javascriptEnabled":true,"databaseEnabled":false,"networkConnectionEnabled":true,"locationContextEnabled":false,"warnings":{},"desired":{"platformName":"Android","deviceName":"devicename","platformVersion":"13.0","appPackage":"com.fghilmany.dietmealapp","appActivity":".ui.main.MainActivity","ignoreHiddenApiPolicyError":true,"noReset":true,"automationName":"UiAutomator2","app":"C:\\MAGANG\\sanbercode\\appiumwdio\\appiumwdio\\test\\apk\\Diet_meal.apk"},"deviceUDID":"RRCT4004PEW"}],"alwaysMatch":{}},"sessionId":"878ca557-7bdc-4fda-b7f6-3b14...
[38;5;32m[AndroidUiautomator2Driver@68c1 (a4c95f41)][0m Determined the downstream protocol as 'W3C'
[38;5;32m[AndroidUiautomator2Driver@68c1 (a4c95f41)][0m Proxying [GET /appium/device/pixel_ratio] to [GET http://127.0.0.1:8200/session/878ca557-7bdc-4fda-b7f6-3b146f7b26a7/appium/device/pixel_ratio] with no body
[38;5;32m[AndroidUiautomator2Driver@68c1 (a4c95f41)][0m Matched '/appium/device/system_bars' to command name 'getSystemBars'
[38;5;32m[AndroidUiautomator2Driver@68c1 (a4c95f41)][0m Proxying [GET /appium/device/system_bars] to [GET http://127.0.0.1:8200/session/878ca557-7bdc-4fda-b7f6-3b146f7b26a7/appium/device/system_bars] with no body
[38;5;32m[AndroidUiautomator2Driver@68c1 (a4c95f41)][0m Matched '/window/current/size' to command name 'getWindowSize'
[38;5;32m[AndroidUiautomator2Driver@68c1 (a4c95f41)][0m Proxying [GET /window/current/size] to [GET http://127.0.0.1:8200/session/878ca557-7bdc-4fda-b7f6-3b146f7b26a7/window/current/size] with no body
[38;5;32m[AndroidUiautomator2Driver@68c1 (a4c95f41)][0m Proxying [GET /appium/device/info] to [GET http://127.0.0.1:8200/session/878ca557-7bdc-4fda-b7f6-3b146f7b26a7/appium/device/info] with no body
[38;5;48m[ADB][0m Running 'C:\Users\ACER\AppData\Local\Android\sdk\platform-tools\adb.exe -P 5037 -s RRCT4004PEW shell dumpsys window'
[38;5;32m[AndroidUiautomator2Driver@68c1 (a4c95f41)][0m Got response with status 200: {"sessionId":"878ca557-7bdc-4fda-b7f6-3b146f7b26a7","value":2.8125}
[38;5;32m[AndroidUiautomator2Driver@68c1 (a4c95f41)][0m Got response with status 200: {"sessionId":"878ca557-7bdc-4fda-b7f6-3b146f7b26a7","value":{"height":2400,"width":1080}}
[38;5;32m[AndroidUiautomator2Driver@68c1 (a4c95f41)][0m Got response with status 200: {"sessionId":"878ca557-7bdc-4fda-b7f6-3b146f7b26a7","value":{"statusBar":87}}
[38;5;32m[AndroidUiautomator2Driver@68c1 (a4c95f41)][0m Got response with status 200: {"sessionId":"878ca557-7bdc-4fda-b7f6-3b146f7b26a7","value":{"androidId":"c8806ffbc9e52512","apiVersion":"33","bluetooth":{"state":"OFF"},"brand":"samsung","carrierName":"INDOSAT","displayDensity":450,"locale":"en_US","manufacturer":"samsung","model":"SM-A528B","networks":[{"capabilities":{"SSID":null,"linkDownBandwidthKbps":13633,"linkUpstreamBandwidthKbps":8962,"networkCapabilities":"NET_CAPABILITY_NOT_METERED,NET_CAPABILITY_INTERNET,NET_CAPABILITY_NOT_RESTRICTED,NET_CAPABILITY_TRUSTED,NET_CAPABILITY_NOT_VPN,NET_CAPABILITY_VALIDATED,NET_CAPABILITY_NOT_ROAMING,NET_CAPABILITY_FOREGROUND,NET_CAPABILITY_NOT_CONGESTED,NET_CAPABILITY_NOT_SUSPENDED","signalStrength":-65,"transportTypes":"TRANSPORT_WIFI"},"detailedState":"CONNECTED","extraInfo":"","isAvailable":true,"isConnected":true,"isFailover":false,"isRoaming":false,"state":"CONNECTED","subtype":-1,"subtypeName":"","type":1,"typeName":"WIFI"},{"capabilities":{"SSID":null,"linkDownBandwidthKbps":6354,"linkUpstreamBandwidthKbps":1487,"networkCapabilities":"NE...
[38;5;32m[AndroidUiautomator2Driver@68c1 (a4c95f41)][0m Screen already unlocked, doing nothing
[38;5;32m[AndroidUiautomator2Driver@68c1 (a4c95f41)][0m Starting 'com.fghilmany.dietmealapp/.ui.main.MainActivity and waiting for 'com.fghilmany.dietmealapp/.ui.main.MainActivity'
[38;5;48m[ADB][0m Getting IDs of all 'com.fghilmany.dietmealapp' processes
[38;5;48m[ADB][0m Running 'C:\Users\ACER\AppData\Local\Android\sdk\platform-tools\adb.exe -P 5037 -s RRCT4004PEW shell 'pgrep --help; echo $?''
[38;5;48m[ADB][0m Running 'C:\Users\ACER\AppData\Local\Android\sdk\platform-tools\adb.exe -P 5037 -s RRCT4004PEW shell pgrep -f \(\[\[:blank:\]\]\|\^\)com\.fghilmany\.dietmealapp\(\[\[:blank:\]\]\|\$\)'
[38;5;48m[ADB][0m Running 'C:\Users\ACER\AppData\Local\Android\sdk\platform-tools\adb.exe -P 5037 -s RRCT4004PEW shell am start -W -n com.fghilmany.dietmealapp/.ui.main.MainActivity -S -a android.intent.action.MAIN -c android.intent.category.LAUNCHER -f 0x10200000'
[38;5;16m[AppiumDriver@90ef][0m New AndroidUiautomator2Driver session created successfully, session a4c95f41-623e-4cf5-806f-c0630f5fd835 added to master session list
[38;5;16m[AppiumDriver@90ef][0m Event 'newSessionStarted' logged at 1710551981322 (08:19:41 GMT+0700 (Western Indonesia Time))
[38;5;32m[AndroidUiautomator2Driver@68c1 (a4c95f41)][0m Cached the protocol value 'W3C' for the new session a4c95f41-623e-4cf5-806f-c0630f5fd835
[38;5;32m[AndroidUiautomator2Driver@68c1 (a4c95f41)][0m Responding to client with driver.createSession() result: {"capabilities":{"platformName":"Android","deviceName":"RRCT4004PEW","platformVersion":"13","appPackage":"com.fghilmany.dietmealapp","appActivity":".ui.main.MainActivity","ignoreHiddenApiPolicyError":true,"noReset":true,"automationName":"UiAutomator2","app":"C:\\MAGANG\\sanbercode\\appiumwdio\\appiumwdio\\test\\apk\\Diet_meal.apk","platform":"LINUX","webStorageEnabled":false,"takesScreenshot":true,"javascriptEnabled":true,"databaseEnabled":false,"networkConnectionEnabled":true,"locationContextEnabled":false,"warnings":{},"desired":{"platformName":"Android","deviceName":"devicename","platformVersion":"13.0","appPackage":"com.fghilmany.dietmealapp","appActivity":".ui.main.MainActivity","ignoreHiddenApiPolicyError":true,"noReset":true,"automationName":"UiAutomator2","app":"C:\\MAGANG\\sanbercode\\appiumwdio\\appiumwdio\\test\\apk\\Diet_meal.apk"},"deviceUDID":"RRCT4004PEW","pixelRatio":"2.8125","statBarHeight":87,"viewportRect":{"left":0,"top":87,"width":1080,"height":2313},"deviceApiLevel":33,"deviceManufact...
[38;5;0m[HTTP][0m [37m<-- POST /session [39m[32m200[39m [90m11106 ms - 1181[39m
[38;5;0m[HTTP][0m [90m[39m
[38;5;0m[HTTP][0m [37m-->[39m [37mGET[39m [37m/session/a4c95f41-623e-4cf5-806f-c0630f5fd835/window/rect[39m
[38;5;0m[HTTP][0m [90m{}[39m
[38;5;32m[AndroidUiautomator2Driver@68c1 (a4c95f41)][0m Calling AppiumDriver.getWindowRect() with args: ["a4c95f41-623e-4cf5-806f-c0630f5fd835"]
[38;5;32m[AndroidUiautomator2Driver@68c1 (a4c95f41)][0m Matched '/window/current/size' to command name 'getWindowSize'
[38;5;32m[AndroidUiautomator2Driver@68c1 (a4c95f41)][0m Proxying [GET /window/current/size] to [GET http://127.0.0.1:8200/session/878ca557-7bdc-4fda-b7f6-3b146f7b26a7/window/current/size] with no body
[38;5;32m[AndroidUiautomator2Driver@68c1 (a4c95f41)][0m Got response with status 200: {"sessionId":"878ca557-7bdc-4fda-b7f6-3b146f7b26a7","value":{"height":2400,"width":1080}}
[38;5;32m[AndroidUiautomator2Driver@68c1 (a4c95f41)][0m Responding to client with driver.getWindowRect() result: {"width":1080,"height":2400,"x":0,"y":0}
[38;5;0m[HTTP][0m [37m<-- GET /session/a4c95f41-623e-4cf5-806f-c0630f5fd835/window/rect [39m[32m200[39m [90m52 ms - 50[39m
[38;5;0m[HTTP][0m [90m[39m
[38;5;0m[HTTP][0m [37m-->[39m [37mPOST[39m [37m/session/a4c95f41-623e-4cf5-806f-c0630f5fd835/element[39m
[38;5;0m[HTTP][0m [90m{"using":"xpath","value":"//android.widget.EditText[@resource-id='com.fghilmany.dietmealapp:id/et_name']"}[39m
[38;5;32m[AndroidUiautomator2Driver@68c1 (a4c95f41)][0m Calling AppiumDriver.findElement() with args: ["xpath","//android.widget.EditText[@resource-id='com.fghilmany.dietmealapp:id/et_name']","a4c95f41-623e-4cf5-806f-c0630f5fd835"]
[38;5;32m[AndroidUiautomator2Driver@68c1 (a4c95f41)][0m Valid locator strategies for this request: xpath, id, class name, accessibility id, css selector, -android uiautomator
[38;5;32m[AndroidUiautomator2Driver@68c1 (a4c95f41)][0m Waiting up to 0 ms for condition
[38;5;32m[AndroidUiautomator2Driver@68c1 (a4c95f41)][0m Matched '/element' to command name 'findElement'
[38;5;32m[AndroidUiautomator2Driver@68c1 (a4c95f41)][0m Proxying [POST /element] to [POST http://127.0.0.1:8200/session/878ca557-7bdc-4fda-b7f6-3b146f7b26a7/element] with body: {"strategy":"xpath","selector":"//android.widget.EditText[@resource-id='com.fghilmany.dietmealapp:id/et_name']","context":"","multiple":false}
[38;5;32m[AndroidUiautomator2Driver@68c1 (a4c95f41)][0m Got response with status 404: {"sessionId":"878ca557-7bdc-4fda-b7f6-3b146f7b26a7","value":{"error":"no such element","message":"An element could not be located on the page using the given search parameters","stacktrace":"io.appium.uiautomator2.common.exceptions.ElementNotFoundException: An element could not be located on the page using the given search parameters\n\tat io.appium.uiautomator2.utils.ElementLocationHelpers.findElement(ElementLocationHelpers.java:156)\n\tat io.appium.uiautomator2.handler.FindElement.safeHandle(FindElement.java:60)\n\tat io.appium.uiautomator2.handler.request.SafeRequestHandler.handle(SafeRequestHandler.java:59)\n\tat io.appium.uiautomator2.server.AppiumServlet.handleRequest(AppiumServlet.java:259)\n\tat io.appium.uiautomator2.server.AppiumServlet.handleHttpRequest(AppiumServlet.java:253)\n\tat io.appium.uiautomator2.http.ServerHandler.channelRead(ServerHandler.java:77)\n\tat io.netty.channel.AbstractChannelHandlerContext.invokeChannelRead(AbstractChannelHandlerContext.java:366)\n\tat io.netty.channel.Abstr...
[38;5;112m[W3C][0m Matched W3C error code 'no such element' to NoSuchElementError
[38;5;32m[AndroidUiautomator2Driver@68c1 (a4c95f41)][0m Encountered internal error running command: NoSuchElementError: An element could not be located on the page using the given search parameters.
[38;5;32m[AndroidUiautomator2Driver@68c1 (a4c95f41)][0m     at AndroidUiautomator2Driver.findElOrEls (C:\MAGANG\sanbercode\appiumwdio\appiumwdio\node_modules\appium-uiautomator2-driver\node_modules\appium-android-driver\lib\commands\find.ts:86:11)
[38;5;32m[AndroidUiautomator2Driver@68c1 (a4c95f41)][0m     at processTicksAndRejections (node:internal/process/task_queues:95:5)
[38;5;32m[AndroidUiautomator2Driver@68c1 (a4c95f41)][0m     at AndroidUiautomator2Driver.findElOrElsWithProcessing (C:\MAGANG\sanbercode\appiumwdio\appiumwdio\node_modules\appium-uiautomator2-driver\node_modules\@appium\base-driver\lib\basedriver\commands\find.ts:60:12)
[38;5;32m[AndroidUiautomator2Driver@68c1 (a4c95f41)][0m     at AndroidUiautomator2Driver.findElement (C:\MAGANG\sanbercode\appiumwdio\appiumwdio\node_modules\appium-uiautomator2-driver\node_modules\@appium\base-driver\lib\basedriver\commands\find.ts:75:12)
[38;5;0m[HTTP][0m [37m<-- POST /session/a4c95f41-623e-4cf5-806f-c0630f5fd835/element [39m[33m404[39m [90m951 ms - 965[39m
[38;5;0m[HTTP][0m [90m[39m
[38;5;0m[HTTP][0m [37m-->[39m [37mPOST[39m [37m/session/a4c95f41-623e-4cf5-806f-c0630f5fd835/elements[39m
[38;5;0m[HTTP][0m [90m{"using":"xpath","value":"//android.widget.EditText[@resource-id='com.fghilmany.dietmealapp:id/et_name']"}[39m
[38;5;32m[AndroidUiautomator2Driver@68c1 (a4c95f41)][0m Calling AppiumDriver.findElements() with args: ["xpath","//android.widget.EditText[@resource-id='com.fghilmany.dietmealapp:id/et_name']","a4c95f41-623e-4cf5-806f-c0630f5fd835"]
[38;5;32m[AndroidUiautomator2Driver@68c1 (a4c95f41)][0m Valid locator strategies for this request: xpath, id, class name, accessibility id, css selector, -android uiautomator
[38;5;32m[AndroidUiautomator2Driver@68c1 (a4c95f41)][0m Waiting up to 0 ms for condition
[38;5;32m[AndroidUiautomator2Driver@68c1 (a4c95f41)][0m Matched '/elements' to command name 'findElements'
[38;5;32m[AndroidUiautomator2Driver@68c1 (a4c95f41)][0m Proxying [POST /elements] to [POST http://127.0.0.1:8200/session/878ca557-7bdc-4fda-b7f6-3b146f7b26a7/elements] with body: {"strategy":"xpath","selector":"//android.widget.EditText[@resource-id='com.fghilmany.dietmealapp:id/et_name']","context":"","multiple":true}
[38;5;32m[AndroidUiautomator2Driver@68c1 (a4c95f41)][0m Got response with status 200: {"sessionId":"878ca557-7bdc-4fda-b7f6-3b146f7b26a7","value":[]}
[38;5;32m[AndroidUiautomator2Driver@68c1 (a4c95f41)][0m Responding to client with driver.findElements() result: []
[38;5;0m[HTTP][0m [37m<-- POST /session/a4c95f41-623e-4cf5-806f-c0630f5fd835/elements [39m[32m200[39m [90m75 ms - 12[39m
[38;5;0m[HTTP][0m [90m[39m
[38;5;0m[HTTP][0m [37m-->[39m [37mPOST[39m [37m/session/a4c95f41-623e-4cf5-806f-c0630f5fd835/elements[39m
[38;5;0m[HTTP][0m [90m{"using":"xpath","value":"//android.widget.EditText[@resource-id='com.fghilmany.dietmealapp:id/et_name']"}[39m
[38;5;32m[AndroidUiautomator2Driver@68c1 (a4c95f41)][0m Calling AppiumDriver.findElements() with args: ["xpath","//android.widget.EditText[@resource-id='com.fghilmany.dietmealapp:id/et_name']","a4c95f41-623e-4cf5-806f-c0630f5fd835"]
[38;5;32m[AndroidUiautomator2Driver@68c1 (a4c95f41)][0m Valid locator strategies for this request: xpath, id, class name, accessibility id, css selector, -android uiautomator
[38;5;32m[AndroidUiautomator2Driver@68c1 (a4c95f41)][0m Waiting up to 0 ms for condition
[38;5;32m[AndroidUiautomator2Driver@68c1 (a4c95f41)][0m Matched '/elements' to command name 'findElements'
[38;5;32m[AndroidUiautomator2Driver@68c1 (a4c95f41)][0m Proxying [POST /elements] to [POST http://127.0.0.1:8200/session/878ca557-7bdc-4fda-b7f6-3b146f7b26a7/elements] with body: {"strategy":"xpath","selector":"//android.widget.EditText[@resource-id='com.fghilmany.dietmealapp:id/et_name']","context":"","multiple":true}
[38;5;32m[AndroidUiautomator2Driver@68c1 (a4c95f41)][0m Got response with status 200: {"sessionId":"878ca557-7bdc-4fda-b7f6-3b146f7b26a7","value":[]}
[38;5;32m[AndroidUiautomator2Driver@68c1 (a4c95f41)][0m Responding to client with driver.findElements() result: []
[38;5;0m[HTTP][0m [37m<-- POST /session/a4c95f41-623e-4cf5-806f-c0630f5fd835/elements [39m[32m200[39m [90m136 ms - 12[39m
[38;5;0m[HTTP][0m [90m[39m
[38;5;0m[HTTP][0m [37m-->[39m [37mPOST[39m [37m/session/a4c95f41-623e-4cf5-806f-c0630f5fd835/elements[39m
[38;5;0m[HTTP][0m [90m{"using":"xpath","value":"//android.widget.EditText[@resource-id='com.fghilmany.dietmealapp:id/et_name']"}[39m
[38;5;32m[AndroidUiautomator2Driver@68c1 (a4c95f41)][0m Calling AppiumDriver.findElements() with args: ["xpath","//android.widget.EditText[@resource-id='com.fghilmany.dietmealapp:id/et_name']","a4c95f41-623e-4cf5-806f-c0630f5fd835"]
[38;5;32m[AndroidUiautomator2Driver@68c1 (a4c95f41)][0m Valid locator strategies for this request: xpath, id, class name, accessibility id, css selector, -android uiautomator
[38;5;32m[AndroidUiautomator2Driver@68c1 (a4c95f41)][0m Waiting up to 0 ms for condition
[38;5;32m[AndroidUiautomator2Driver@68c1 (a4c95f41)][0m Matched '/elements' to command name 'findElements'
[38;5;32m[AndroidUiautomator2Driver@68c1 (a4c95f41)][0m Proxying [POST /elements] to [POST http://127.0.0.1:8200/session/878ca557-7bdc-4fda-b7f6-3b146f7b26a7/elements] with body: {"strategy":"xpath","selector":"//android.widget.EditText[@resource-id='com.fghilmany.dietmealapp:id/et_name']","context":"","multiple":true}
[38;5;32m[AndroidUiautomator2Driver@68c1 (a4c95f41)][0m Got response with status 200: {"sessionId":"878ca557-7bdc-4fda-b7f6-3b146f7b26a7","value":[]}
[38;5;32m[AndroidUiautomator2Driver@68c1 (a4c95f41)][0m Responding to client with driver.findElements() result: []
[38;5;0m[HTTP][0m [37m<-- POST /session/a4c95f41-623e-4cf5-806f-c0630f5fd835/elements [39m[32m200[39m [90m126 ms - 12[39m
[38;5;0m[HTTP][0m [90m[39m
[38;5;0m[HTTP][0m [37m-->[39m [37mPOST[39m [37m/session/a4c95f41-623e-4cf5-806f-c0630f5fd835/elements[39m
[38;5;0m[HTTP][0m [90m{"using":"xpath","value":"//android.widget.EditText[@resource-id='com.fghilmany.dietmealapp:id/et_name']"}[39m
[38;5;32m[AndroidUiautomator2Driver@68c1 (a4c95f41)][0m Calling AppiumDriver.findElements() with args: ["xpath","//android.widget.EditText[@resource-id='com.fghilmany.dietmealapp:id/et_name']","a4c95f41-623e-4cf5-806f-c0630f5fd835"]
[38;5;32m[AndroidUiautomator2Driver@68c1 (a4c95f41)][0m Valid locator strategies for this request: xpath, id, class name, accessibility id, css selector, -android uiautomator
[38;5;32m[AndroidUiautomator2Driver@68c1 (a4c95f41)][0m Waiting up to 0 ms for condition
[38;5;32m[AndroidUiautomator2Driver@68c1 (a4c95f41)][0m Matched '/elements' to command name 'findElements'
[38;5;32m[AndroidUiautomator2Driver@68c1 (a4c95f41)][0m Proxying [POST /elements] to [POST http://127.0.0.1:8200/session/878ca557-7bdc-4fda-b7f6-3b146f7b26a7/elements] with body: {"strategy":"xpath","selector":"//android.widget.EditText[@resource-id='com.fghilmany.dietmealapp:id/et_name']","context":"","multiple":true}
[38;5;32m[AndroidUiautomator2Driver@68c1 (a4c95f41)][0m Got response with status 200: {"sessionId":"878ca557-7bdc-4fda-b7f6-3b146f7b26a7","value":[{"ELEMENT":"00000000-0000-007a-ffff-ffff00000013","element-6066-11e4-a52e-4f735466cecf":"00000000-0000-007a-ffff-ffff00000013"}]}
[38;5;32m[AndroidUiautomator2Driver@68c1 (a4c95f41)][0m Responding to client with driver.findElements() result: [{"element-6066-11e4-a52e-4f735466cecf":"00000000-0000-007a-ffff-ffff00000013","ELEMENT":"00000000-0000-007a-ffff-ffff00000013"}]
[38;5;0m[HTTP][0m [37m<-- POST /session/a4c95f41-623e-4cf5-806f-c0630f5fd835/elements [39m[32m200[39m [90m208 ms - 139[39m
[38;5;0m[HTTP][0m [90m[39m
[38;5;0m[HTTP][0m [37m-->[39m [37mPOST[39m [37m/session/a4c95f41-623e-4cf5-806f-c0630f5fd835/element[39m
[38;5;0m[HTTP][0m [90m{"using":"xpath","value":"//android.widget.EditText[@resource-id='com.fghilmany.dietmealapp:id/et_name']"}[39m
[38;5;32m[AndroidUiautomator2Driver@68c1 (a4c95f41)][0m Calling AppiumDriver.findElement() with args: ["xpath","//android.widget.EditText[@resource-id='com.fghilmany.dietmealapp:id/et_name']","a4c95f41-623e-4cf5-806f-c0630f5fd835"]
[38;5;32m[AndroidUiautomator2Driver@68c1 (a4c95f41)][0m Valid locator strategies for this request: xpath, id, class name, accessibility id, css selector, -android uiautomator
[38;5;32m[AndroidUiautomator2Driver@68c1 (a4c95f41)][0m Waiting up to 0 ms for condition
[38;5;32m[AndroidUiautomator2Driver@68c1 (a4c95f41)][0m Matched '/element' to command name 'findElement'
[38;5;32m[AndroidUiautomator2Driver@68c1 (a4c95f41)][0m Proxying [POST /element] to [POST http://127.0.0.1:8200/session/878ca557-7bdc-4fda-b7f6-3b146f7b26a7/element] with body: {"strategy":"xpath","selector":"//android.widget.EditText[@resource-id='com.fghilmany.dietmealapp:id/et_name']","context":"","multiple":false}
[38;5;32m[AndroidUiautomator2Driver@68c1 (a4c95f41)][0m Got response with status 200: {"sessionId":"878ca557-7bdc-4fda-b7f6-3b146f7b26a7","value":{"ELEMENT":"00000000-0000-007a-ffff-ffff00000013","element-6066-11e4-a52e-4f735466cecf":"00000000-0000-007a-ffff-ffff00000013"}}
[38;5;32m[AndroidUiautomator2Driver@68c1 (a4c95f41)][0m Responding to client with driver.findElement() result: {"element-6066-11e4-a52e-4f735466cecf":"00000000-0000-007a-ffff-ffff00000013","ELEMENT":"00000000-0000-007a-ffff-ffff00000013"}
[38;5;0m[HTTP][0m [37m<-- POST /session/a4c95f41-623e-4cf5-806f-c0630f5fd835/element [39m[32m200[39m [90m542 ms - 137[39m
[38;5;0m[HTTP][0m [90m[39m
[38;5;0m[HTTP][0m [37m-->[39m [37mPOST[39m [37m/session/a4c95f41-623e-4cf5-806f-c0630f5fd835/element/00000000-0000-007a-ffff-ffff00000013/clear[39m
[38;5;0m[HTTP][0m [90m{}[39m
[38;5;32m[AndroidUiautomator2Driver@68c1 (a4c95f41)][0m Calling AppiumDriver.clear() with args: ["00000000-0000-007a-ffff-ffff00000013","a4c95f41-623e-4cf5-806f-c0630f5fd835"]
[38;5;32m[AndroidUiautomator2Driver@68c1 (a4c95f41)][0m Matched '/element/00000000-0000-007a-ffff-ffff00000013/clear' to command name 'clear'
[38;5;32m[AndroidUiautomator2Driver@68c1 (a4c95f41)][0m Proxying [POST /element/00000000-0000-007a-ffff-ffff00000013/clear] to [POST http://127.0.0.1:8200/session/878ca557-7bdc-4fda-b7f6-3b146f7b26a7/element/00000000-0000-007a-ffff-ffff00000013/clear] with body: {"elementId":"00000000-0000-007a-ffff-ffff00000013"}
[38;5;32m[AndroidUiautomator2Driver@68c1 (a4c95f41)][0m Got response with status 200: {"sessionId":"878ca557-7bdc-4fda-b7f6-3b146f7b26a7","value":null}
[38;5;32m[AndroidUiautomator2Driver@68c1 (a4c95f41)][0m Responding to client with driver.clear() result: null
[38;5;0m[HTTP][0m [37m<-- POST /session/a4c95f41-623e-4cf5-806f-c0630f5fd835/element/00000000-0000-007a-ffff-ffff00000013/clear [39m[32m200[39m [90m83 ms - 14[39m
[38;5;0m[HTTP][0m [90m[39m
[38;5;0m[HTTP][0m [37m-->[39m [37mPOST[39m [37m/session/a4c95f41-623e-4cf5-806f-c0630f5fd835/element/00000000-0000-007a-ffff-ffff00000013/value[39m
[38;5;0m[HTTP][0m [90m{"text":"Sari"}[39m
[38;5;32m[AndroidUiautomator2Driver@68c1 (a4c95f41)][0m Calling AppiumDriver.setValue() with args: ["Sari","00000000-0000-007a-ffff-ffff00000013","a4c95f41-623e-4cf5-806f-c0630f5fd835"]
[38;5;32m[AndroidUiautomator2Driver@68c1 (a4c95f41)][0m Matched '/element/00000000-0000-007a-ffff-ffff00000013/value' to command name 'setValue'
[38;5;32m[AndroidUiautomator2Driver@68c1 (a4c95f41)][0m Added 'value' property ["S","a","r","i"] to 'setValue' request body
[38;5;32m[AndroidUiautomator2Driver@68c1 (a4c95f41)][0m Proxying [POST /element/00000000-0000-007a-ffff-ffff00000013/value] to [POST http://127.0.0.1:8200/session/878ca557-7bdc-4fda-b7f6-3b146f7b26a7/element/00000000-0000-007a-ffff-ffff00000013/value] with body: {"elementId":"00000000-0000-007a-ffff-ffff00000013","text":"Sari","replace":false,"value":["S","a","r","i"]}
[38;5;32m[AndroidUiautomator2Driver@68c1 (a4c95f41)][0m Got response with status 200: {"sessionId":"878ca557-7bdc-4fda-b7f6-3b146f7b26a7","value":null}
[38;5;32m[AndroidUiautomator2Driver@68c1 (a4c95f41)][0m Responding to client with driver.setValue() result: null
[38;5;0m[HTTP][0m [37m<-- POST /session/a4c95f41-623e-4cf5-806f-c0630f5fd835/element/00000000-0000-007a-ffff-ffff00000013/value [39m[32m200[39m [90m1064 ms - 14[39m
[38;5;0m[HTTP][0m [90m[39m
[38;5;0m[HTTP][0m [37m-->[39m [37mPOST[39m [37m/session/a4c95f41-623e-4cf5-806f-c0630f5fd835/element[39m
[38;5;0m[HTTP][0m [90m{"using":"xpath","value":"//android.widget.EditText[@resource-id='com.fghilmany.dietmealapp:id/et_weight']"}[39m
[38;5;32m[AndroidUiautomator2Driver@68c1 (a4c95f41)][0m Calling AppiumDriver.findElement() with args: ["xpath","//android.widget.EditText[@resource-id='com.fghilmany.dietmealapp:id/et_weight']","a4c95f41-623e-4cf5-806f-c0630f5fd835"]
[38;5;32m[AndroidUiautomator2Driver@68c1 (a4c95f41)][0m Valid locator strategies for this request: xpath, id, class name, accessibility id, css selector, -android uiautomator
[38;5;32m[AndroidUiautomator2Driver@68c1 (a4c95f41)][0m Waiting up to 0 ms for condition
[38;5;32m[AndroidUiautomator2Driver@68c1 (a4c95f41)][0m Matched '/element' to command name 'findElement'
[38;5;32m[AndroidUiautomator2Driver@68c1 (a4c95f41)][0m Proxying [POST /element] to [POST http://127.0.0.1:8200/session/878ca557-7bdc-4fda-b7f6-3b146f7b26a7/element] with body: {"strategy":"xpath","selector":"//android.widget.EditText[@resource-id='com.fghilmany.dietmealapp:id/et_weight']","context":"","multiple":false}
[38;5;32m[AndroidUiautomator2Driver@68c1 (a4c95f41)][0m Got response with status 200: {"sessionId":"878ca557-7bdc-4fda-b7f6-3b146f7b26a7","value":{"ELEMENT":"00000000-0000-007a-ffff-ffff0000001f","element-6066-11e4-a52e-4f735466cecf":"00000000-0000-007a-ffff-ffff0000001f"}}
[38;5;32m[AndroidUiautomator2Driver@68c1 (a4c95f41)][0m Responding to client with driver.findElement() result: {"element-6066-11e4-a52e-4f735466cecf":"00000000-0000-007a-ffff-ffff0000001f","ELEMENT":"00000000-0000-007a-ffff-ffff0000001f"}
[38;5;0m[HTTP][0m [37m<-- POST /session/a4c95f41-623e-4cf5-806f-c0630f5fd835/element [39m[32m200[39m [90m713 ms - 137[39m
[38;5;0m[HTTP][0m [90m[39m
[38;5;0m[HTTP][0m [37m-->[39m [37mPOST[39m [37m/session/a4c95f41-623e-4cf5-806f-c0630f5fd835/element/00000000-0000-007a-ffff-ffff0000001f/clear[39m
[38;5;0m[HTTP][0m [90m{}[39m
[38;5;32m[AndroidUiautomator2Driver@68c1 (a4c95f41)][0m Calling AppiumDriver.clear() with args: ["00000000-0000-007a-ffff-ffff0000001f","a4c95f41-623e-4cf5-806f-c0630f5fd835"]
[38;5;32m[AndroidUiautomator2Driver@68c1 (a4c95f41)][0m Matched '/element/00000000-0000-007a-ffff-ffff0000001f/clear' to command name 'clear'
[38;5;32m[AndroidUiautomator2Driver@68c1 (a4c95f41)][0m Proxying [POST /element/00000000-0000-007a-ffff-ffff0000001f/clear] to [POST http://127.0.0.1:8200/session/878ca557-7bdc-4fda-b7f6-3b146f7b26a7/element/00000000-0000-007a-ffff-ffff0000001f/clear] with body: {"elementId":"00000000-0000-007a-ffff-ffff0000001f"}
[38;5;32m[AndroidUiautomator2Driver@68c1 (a4c95f41)][0m Got response with status 200: {"sessionId":"878ca557-7bdc-4fda-b7f6-3b146f7b26a7","value":null}
[38;5;32m[AndroidUiautomator2Driver@68c1 (a4c95f41)][0m Responding to client with driver.clear() result: null
[38;5;0m[HTTP][0m [37m<-- POST /session/a4c95f41-623e-4cf5-806f-c0630f5fd835/element/00000000-0000-007a-ffff-ffff0000001f/clear [39m[32m200[39m [90m67 ms - 14[39m
[38;5;0m[HTTP][0m [90m[39m
[38;5;0m[HTTP][0m [37m-->[39m [37mPOST[39m [37m/session/a4c95f41-623e-4cf5-806f-c0630f5fd835/element/00000000-0000-007a-ffff-ffff0000001f/value[39m
[38;5;0m[HTTP][0m [90m{"text":"40"}[39m
[38;5;32m[AndroidUiautomator2Driver@68c1 (a4c95f41)][0m Calling AppiumDriver.setValue() with args: ["40","00000000-0000-007a-ffff-ffff0000001f","a4c95f41-623e-4cf5-806f-c0630f5fd835"]
[38;5;32m[AndroidUiautomator2Driver@68c1 (a4c95f41)][0m Matched '/element/00000000-0000-007a-ffff-ffff0000001f/value' to command name 'setValue'
[38;5;32m[AndroidUiautomator2Driver@68c1 (a4c95f41)][0m Added 'value' property ["4","0"] to 'setValue' request body
[38;5;32m[AndroidUiautomator2Driver@68c1 (a4c95f41)][0m Proxying [POST /element/00000000-0000-007a-ffff-ffff0000001f/value] to [POST http://127.0.0.1:8200/session/878ca557-7bdc-4fda-b7f6-3b146f7b26a7/element/00000000-0000-007a-ffff-ffff0000001f/value] with body: {"elementId":"00000000-0000-007a-ffff-ffff0000001f","text":"40","replace":false,"value":["4","0"]}
[38;5;32m[AndroidUiautomator2Driver@68c1 (a4c95f41)][0m Got response with status 200: {"sessionId":"878ca557-7bdc-4fda-b7f6-3b146f7b26a7","value":null}
[38;5;32m[AndroidUiautomator2Driver@68c1 (a4c95f41)][0m Responding to client with driver.setValue() result: null
[38;5;0m[HTTP][0m [37m<-- POST /session/a4c95f41-623e-4cf5-806f-c0630f5fd835/element/00000000-0000-007a-ffff-ffff0000001f/value [39m[32m200[39m [90m1070 ms - 14[39m
[38;5;0m[HTTP][0m [90m[39m
[38;5;0m[HTTP][0m [37m-->[39m [37mPOST[39m [37m/session/a4c95f41-623e-4cf5-806f-c0630f5fd835/element[39m
[38;5;0m[HTTP][0m [90m{"using":"xpath","value":"//android.widget.EditText[@resource-id='com.fghilmany.dietmealapp:id/et_height']"}[39m
[38;5;32m[AndroidUiautomator2Driver@68c1 (a4c95f41)][0m Calling AppiumDriver.findElement() with args: ["xpath","//android.widget.EditText[@resource-id='com.fghilmany.dietmealapp:id/et_height']","a4c95f41-623e-4cf5-806f-c0630f5fd835"]
[38;5;32m[AndroidUiautomator2Driver@68c1 (a4c95f41)][0m Valid locator strategies for this request: xpath, id, class name, accessibility id, css selector, -android uiautomator
[38;5;32m[AndroidUiautomator2Driver@68c1 (a4c95f41)][0m Waiting up to 0 ms for condition
[38;5;32m[AndroidUiautomator2Driver@68c1 (a4c95f41)][0m Matched '/element' to command name 'findElement'
[38;5;32m[AndroidUiautomator2Driver@68c1 (a4c95f41)][0m Proxying [POST /element] to [POST http://127.0.0.1:8200/session/878ca557-7bdc-4fda-b7f6-3b146f7b26a7/element] with body: {"strategy":"xpath","selector":"//android.widget.EditText[@resource-id='com.fghilmany.dietmealapp:id/et_height']","context":"","multiple":false}
[38;5;32m[AndroidUiautomator2Driver@68c1 (a4c95f41)][0m Got response with status 200: {"sessionId":"878ca557-7bdc-4fda-b7f6-3b146f7b26a7","value":{"ELEMENT":"00000000-0000-007a-ffff-ffff0000002b","element-6066-11e4-a52e-4f735466cecf":"00000000-0000-007a-ffff-ffff0000002b"}}
[38;5;32m[AndroidUiautomator2Driver@68c1 (a4c95f41)][0m Responding to client with driver.findElement() result: {"element-6066-11e4-a52e-4f735466cecf":"00000000-0000-007a-ffff-ffff0000002b","ELEMENT":"00000000-0000-007a-ffff-ffff0000002b"}
[38;5;0m[HTTP][0m [37m<-- POST /session/a4c95f41-623e-4cf5-806f-c0630f5fd835/element [39m[32m200[39m [90m813 ms - 137[39m
[38;5;0m[HTTP][0m [90m[39m
[38;5;0m[HTTP][0m [37m-->[39m [37mPOST[39m [37m/session/a4c95f41-623e-4cf5-806f-c0630f5fd835/element/00000000-0000-007a-ffff-ffff0000002b/clear[39m
[38;5;0m[HTTP][0m [90m{}[39m
[38;5;32m[AndroidUiautomator2Driver@68c1 (a4c95f41)][0m Calling AppiumDriver.clear() with args: ["00000000-0000-007a-ffff-ffff0000002b","a4c95f41-623e-4cf5-806f-c0630f5fd835"]
[38;5;32m[AndroidUiautomator2Driver@68c1 (a4c95f41)][0m Matched '/element/00000000-0000-007a-ffff-ffff0000002b/clear' to command name 'clear'
[38;5;32m[AndroidUiautomator2Driver@68c1 (a4c95f41)][0m Proxying [POST /element/00000000-0000-007a-ffff-ffff0000002b/clear] to [POST http://127.0.0.1:8200/session/878ca557-7bdc-4fda-b7f6-3b146f7b26a7/element/00000000-0000-007a-ffff-ffff0000002b/clear] with body: {"elementId":"00000000-0000-007a-ffff-ffff0000002b"}
[38;5;32m[AndroidUiautomator2Driver@68c1 (a4c95f41)][0m Got response with status 200: {"sessionId":"878ca557-7bdc-4fda-b7f6-3b146f7b26a7","value":null}
[38;5;32m[AndroidUiautomator2Driver@68c1 (a4c95f41)][0m Responding to client with driver.clear() result: null
[38;5;0m[HTTP][0m [37m<-- POST /session/a4c95f41-623e-4cf5-806f-c0630f5fd835/element/00000000-0000-007a-ffff-ffff0000002b/clear [39m[32m200[39m [90m59 ms - 14[39m
[38;5;0m[HTTP][0m [90m[39m
[38;5;0m[HTTP][0m [37m-->[39m [37mPOST[39m [37m/session/a4c95f41-623e-4cf5-806f-c0630f5fd835/element/00000000-0000-007a-ffff-ffff0000002b/value[39m
[38;5;0m[HTTP][0m [90m{"text":"155"}[39m
[38;5;32m[AndroidUiautomator2Driver@68c1 (a4c95f41)][0m Calling AppiumDriver.setValue() with args: ["155","00000000-0000-007a-ffff-ffff0000002b","a4c95f41-623e-4cf5-806f-c0630f5fd835"]
[38;5;32m[AndroidUiautomator2Driver@68c1 (a4c95f41)][0m Matched '/element/00000000-0000-007a-ffff-ffff0000002b/value' to command name 'setValue'
[38;5;32m[AndroidUiautomator2Driver@68c1 (a4c95f41)][0m Added 'value' property ["1","5","5"] to 'setValue' request body
[38;5;32m[AndroidUiautomator2Driver@68c1 (a4c95f41)][0m Proxying [POST /element/00000000-0000-007a-ffff-ffff0000002b/value] to [POST http://127.0.0.1:8200/session/878ca557-7bdc-4fda-b7f6-3b146f7b26a7/element/00000000-0000-007a-ffff-ffff0000002b/value] with body: {"elementId":"00000000-0000-007a-ffff-ffff0000002b","text":"155","replace":false,"value":["1","5","5"]}
[38;5;32m[AndroidUiautomator2Driver@68c1 (a4c95f41)][0m Got response with status 200: {"sessionId":"878ca557-7bdc-4fda-b7f6-3b146f7b26a7","value":null}
[38;5;32m[AndroidUiautomator2Driver@68c1 (a4c95f41)][0m Responding to client with driver.setValue() result: null
[38;5;0m[HTTP][0m [37m<-- POST /session/a4c95f41-623e-4cf5-806f-c0630f5fd835/element/00000000-0000-007a-ffff-ffff0000002b/value [39m[32m200[39m [90m1066 ms - 14[39m
[38;5;0m[HTTP][0m [90m[39m
[38;5;0m[HTTP][0m [37m-->[39m [37mPOST[39m [37m/session/a4c95f41-623e-4cf5-806f-c0630f5fd835/element[39m
[38;5;0m[HTTP][0m [90m{"using":"xpath","value":"//android.widget.RadioButton[@resource-id='com.fghilmany.dietmealapp:id/rb_female']"}[39m
[38;5;32m[AndroidUiautomator2Driver@68c1 (a4c95f41)][0m Calling AppiumDriver.findElement() with args: ["xpath","//android.widget.RadioButton[@resource-id='com.fghilmany.dietmealapp:id/rb_female']","a4c95f41-623e-4cf5-806f-c0630f5fd835"]
[38;5;32m[AndroidUiautomator2Driver@68c1 (a4c95f41)][0m Valid locator strategies for this request: xpath, id, class name, accessibility id, css selector, -android uiautomator
[38;5;32m[AndroidUiautomator2Driver@68c1 (a4c95f41)][0m Waiting up to 0 ms for condition
[38;5;32m[AndroidUiautomator2Driver@68c1 (a4c95f41)][0m Matched '/element' to command name 'findElement'
[38;5;32m[AndroidUiautomator2Driver@68c1 (a4c95f41)][0m Proxying [POST /element] to [POST http://127.0.0.1:8200/session/878ca557-7bdc-4fda-b7f6-3b146f7b26a7/element] with body: {"strategy":"xpath","selector":"//android.widget.RadioButton[@resource-id='com.fghilmany.dietmealapp:id/rb_female']","context":"","multiple":false}
[38;5;32m[AndroidUiautomator2Driver@68c1 (a4c95f41)][0m Got response with status 200: {"sessionId":"878ca557-7bdc-4fda-b7f6-3b146f7b26a7","value":{"ELEMENT":"00000000-0000-007a-ffff-ffff00000037","element-6066-11e4-a52e-4f735466cecf":"00000000-0000-007a-ffff-ffff00000037"}}
[38;5;32m[AndroidUiautomator2Driver@68c1 (a4c95f41)][0m Responding to client with driver.findElement() result: {"element-6066-11e4-a52e-4f735466cecf":"00000000-0000-007a-ffff-ffff00000037","ELEMENT":"00000000-0000-007a-ffff-ffff00000037"}
[38;5;0m[HTTP][0m [37m<-- POST /session/a4c95f41-623e-4cf5-806f-c0630f5fd835/element [39m[32m200[39m [90m875 ms - 137[39m
[38;5;0m[HTTP][0m [90m[39m
[38;5;0m[HTTP][0m [37m-->[39m [37mPOST[39m [37m/session/a4c95f41-623e-4cf5-806f-c0630f5fd835/element/00000000-0000-007a-ffff-ffff00000037/click[39m
[38;5;0m[HTTP][0m [90m{}[39m
[38;5;32m[AndroidUiautomator2Driver@68c1 (a4c95f41)][0m Calling AppiumDriver.click() with args: ["00000000-0000-007a-ffff-ffff00000037","a4c95f41-623e-4cf5-806f-c0630f5fd835"]
[38;5;32m[AndroidUiautomator2Driver@68c1 (a4c95f41)][0m Matched '/element/00000000-0000-007a-ffff-ffff00000037/click' to command name 'click'
[38;5;32m[AndroidUiautomator2Driver@68c1 (a4c95f41)][0m Proxying [POST /element/00000000-0000-007a-ffff-ffff00000037/click] to [POST http://127.0.0.1:8200/session/878ca557-7bdc-4fda-b7f6-3b146f7b26a7/element/00000000-0000-007a-ffff-ffff00000037/click] with body: {"element":"00000000-0000-007a-ffff-ffff00000037"}
[38;5;32m[AndroidUiautomator2Driver@68c1 (a4c95f41)][0m Got response with status 200: {"sessionId":"878ca557-7bdc-4fda-b7f6-3b146f7b26a7","value":null}
[38;5;32m[AndroidUiautomator2Driver@68c1 (a4c95f41)][0m Responding to client with driver.click() result: null
[38;5;0m[HTTP][0m [37m<-- POST /session/a4c95f41-623e-4cf5-806f-c0630f5fd835/element/00000000-0000-007a-ffff-ffff00000037/click [39m[32m200[39m [90m99 ms - 14[39m
[38;5;0m[HTTP][0m [90m[39m
[38;5;0m[HTTP][0m [37m-->[39m [37mPOST[39m [37m/session/a4c95f41-623e-4cf5-806f-c0630f5fd835/element[39m
[38;5;0m[HTTP][0m [90m{"using":"xpath","value":"//android.widget.Button"}[39m
[38;5;32m[AndroidUiautomator2Driver@68c1 (a4c95f41)][0m Calling AppiumDriver.findElement() with args: ["xpath","//android.widget.Button","a4c95f41-623e-4cf5-806f-c0630f5fd835"]
[38;5;32m[AndroidUiautomator2Driver@68c1 (a4c95f41)][0m Valid locator strategies for this request: xpath, id, class name, accessibility id, css selector, -android uiautomator
[38;5;32m[AndroidUiautomator2Driver@68c1 (a4c95f41)][0m Waiting up to 0 ms for condition
[38;5;32m[AndroidUiautomator2Driver@68c1 (a4c95f41)][0m Matched '/element' to command name 'findElement'
[38;5;32m[AndroidUiautomator2Driver@68c1 (a4c95f41)][0m Proxying [POST /element] to [POST http://127.0.0.1:8200/session/878ca557-7bdc-4fda-b7f6-3b146f7b26a7/element] with body: {"strategy":"xpath","selector":"//android.widget.Button","context":"","multiple":false}
[38;5;32m[AndroidUiautomator2Driver@68c1 (a4c95f41)][0m Got response with status 200: {"sessionId":"878ca557-7bdc-4fda-b7f6-3b146f7b26a7","value":{"ELEMENT":"00000000-0000-007a-ffff-ffff00000038","element-6066-11e4-a52e-4f735466cecf":"00000000-0000-007a-ffff-ffff00000038"}}
[38;5;32m[AndroidUiautomator2Driver@68c1 (a4c95f41)][0m Responding to client with driver.findElement() result: {"element-6066-11e4-a52e-4f735466cecf":"00000000-0000-007a-ffff-ffff00000038","ELEMENT":"00000000-0000-007a-ffff-ffff00000038"}
[38;5;0m[HTTP][0m [37m<-- POST /session/a4c95f41-623e-4cf5-806f-c0630f5fd835/element [39m[32m200[39m [90m826 ms - 137[39m
[38;5;0m[HTTP][0m [90m[39m
[38;5;0m[HTTP][0m [37m-->[39m [37mPOST[39m [37m/session/a4c95f41-623e-4cf5-806f-c0630f5fd835/element/00000000-0000-007a-ffff-ffff00000038/click[39m
[38;5;0m[HTTP][0m [90m{}[39m
[38;5;32m[AndroidUiautomator2Driver@68c1 (a4c95f41)][0m Calling AppiumDriver.click() with args: ["00000000-0000-007a-ffff-ffff00000038","a4c95f41-623e-4cf5-806f-c0630f5fd835"]
[38;5;32m[AndroidUiautomator2Driver@68c1 (a4c95f41)][0m Matched '/element/00000000-0000-007a-ffff-ffff00000038/click' to command name 'click'
[38;5;32m[AndroidUiautomator2Driver@68c1 (a4c95f41)][0m Proxying [POST /element/00000000-0000-007a-ffff-ffff00000038/click] to [POST http://127.0.0.1:8200/session/878ca557-7bdc-4fda-b7f6-3b146f7b26a7/element/00000000-0000-007a-ffff-ffff00000038/click] with body: {"element":"00000000-0000-007a-ffff-ffff00000038"}
[38;5;32m[AndroidUiautomator2Driver@68c1 (a4c95f41)][0m Got response with status 200: {"sessionId":"878ca557-7bdc-4fda-b7f6-3b146f7b26a7","value":null}
[38;5;32m[AndroidUiautomator2Driver@68c1 (a4c95f41)][0m Responding to client with driver.click() result: null
[38;5;0m[HTTP][0m [37m<-- POST /session/a4c95f41-623e-4cf5-806f-c0630f5fd835/element/00000000-0000-007a-ffff-ffff00000038/click [39m[32m200[39m [90m91 ms - 14[39m
[38;5;0m[HTTP][0m [90m[39m
[38;5;0m[HTTP][0m [37m-->[39m [37mPOST[39m [37m/session/a4c95f41-623e-4cf5-806f-c0630f5fd835/element[39m
[38;5;0m[HTTP][0m [90m{"using":"xpath","value":"//android.widget.RadioButton[@resource-id='com.fghilmany.dietmealapp:id/rb_rest']"}[39m
[38;5;32m[AndroidUiautomator2Driver@68c1 (a4c95f41)][0m Calling AppiumDriver.findElement() with args: ["xpath","//android.widget.RadioButton[@resource-id='com.fghilmany.dietmealapp:id/rb_rest']","a4c95f41-623e-4cf5-806f-c0630f5fd835"]
[38;5;32m[AndroidUiautomator2Driver@68c1 (a4c95f41)][0m Valid locator strategies for this request: xpath, id, class name, accessibility id, css selector, -android uiautomator
[38;5;32m[AndroidUiautomator2Driver@68c1 (a4c95f41)][0m Waiting up to 0 ms for condition
[38;5;32m[AndroidUiautomator2Driver@68c1 (a4c95f41)][0m Matched '/element' to command name 'findElement'
[38;5;32m[AndroidUiautomator2Driver@68c1 (a4c95f41)][0m Proxying [POST /element] to [POST http://127.0.0.1:8200/session/878ca557-7bdc-4fda-b7f6-3b146f7b26a7/element] with body: {"strategy":"xpath","selector":"//android.widget.RadioButton[@resource-id='com.fghilmany.dietmealapp:id/rb_rest']","context":"","multiple":false}
[38;5;32m[AndroidUiautomator2Driver@68c1 (a4c95f41)][0m Got response with status 200: {"sessionId":"878ca557-7bdc-4fda-b7f6-3b146f7b26a7","value":{"ELEMENT":"00000000-0000-007a-ffff-ffff0000003d","element-6066-11e4-a52e-4f735466cecf":"00000000-0000-007a-ffff-ffff0000003d"}}
[38;5;32m[AndroidUiautomator2Driver@68c1 (a4c95f41)][0m Responding to client with driver.findElement() result: {"element-6066-11e4-a52e-4f735466cecf":"00000000-0000-007a-ffff-ffff0000003d","ELEMENT":"00000000-0000-007a-ffff-ffff0000003d"}
[38;5;0m[HTTP][0m [37m<-- POST /session/a4c95f41-623e-4cf5-806f-c0630f5fd835/element [39m[32m200[39m [90m286 ms - 137[39m
[38;5;0m[HTTP][0m [90m[39m
[38;5;0m[HTTP][0m [37m-->[39m [37mPOST[39m [37m/session/a4c95f41-623e-4cf5-806f-c0630f5fd835/element/00000000-0000-007a-ffff-ffff0000003d/click[39m
[38;5;0m[HTTP][0m [90m{}[39m
[38;5;32m[AndroidUiautomator2Driver@68c1 (a4c95f41)][0m Calling AppiumDriver.click() with args: ["00000000-0000-007a-ffff-ffff0000003d","a4c95f41-623e-4cf5-806f-c0630f5fd835"]
[38;5;32m[AndroidUiautomator2Driver@68c1 (a4c95f41)][0m Matched '/element/00000000-0000-007a-ffff-ffff0000003d/click' to command name 'click'
[38;5;32m[AndroidUiautomator2Driver@68c1 (a4c95f41)][0m Proxying [POST /element/00000000-0000-007a-ffff-ffff0000003d/click] to [POST http://127.0.0.1:8200/session/878ca557-7bdc-4fda-b7f6-3b146f7b26a7/element/00000000-0000-007a-ffff-ffff0000003d/click] with body: {"element":"00000000-0000-007a-ffff-ffff0000003d"}
[38;5;32m[AndroidUiautomator2Driver@68c1 (a4c95f41)][0m Got response with status 200: {"sessionId":"878ca557-7bdc-4fda-b7f6-3b146f7b26a7","value":null}
[38;5;32m[AndroidUiautomator2Driver@68c1 (a4c95f41)][0m Responding to client with driver.click() result: null
[38;5;0m[HTTP][0m [37m<-- POST /session/a4c95f41-623e-4cf5-806f-c0630f5fd835/element/00000000-0000-007a-ffff-ffff0000003d/click [39m[32m200[39m [90m88 ms - 14[39m
[38;5;0m[HTTP][0m [90m[39m
[38;5;0m[HTTP][0m [37m-->[39m [37mPOST[39m [37m/session/a4c95f41-623e-4cf5-806f-c0630f5fd835/element[39m
[38;5;0m[HTTP][0m [90m{"using":"xpath","value":"//android.widget.Button[@resource-id='com.fghilmany.dietmealapp:id/bt_finish']"}[39m
[38;5;32m[AndroidUiautomator2Driver@68c1 (a4c95f41)][0m Calling AppiumDriver.findElement() with args: ["xpath","//android.widget.Button[@resource-id='com.fghilmany.dietmealapp:id/bt_finish']","a4c95f41-623e-4cf5-806f-c0630f5fd835"]
[38;5;32m[AndroidUiautomator2Driver@68c1 (a4c95f41)][0m Valid locator strategies for this request: xpath, id, class name, accessibility id, css selector, -android uiautomator
[38;5;32m[AndroidUiautomator2Driver@68c1 (a4c95f41)][0m Waiting up to 0 ms for condition
[38;5;32m[AndroidUiautomator2Driver@68c1 (a4c95f41)][0m Matched '/element' to command name 'findElement'
[38;5;32m[AndroidUiautomator2Driver@68c1 (a4c95f41)][0m Proxying [POST /element] to [POST http://127.0.0.1:8200/session/878ca557-7bdc-4fda-b7f6-3b146f7b26a7/element] with body: {"strategy":"xpath","selector":"//android.widget.Button[@resource-id='com.fghilmany.dietmealapp:id/bt_finish']","context":"","multiple":false}
[38;5;32m[AndroidUiautomator2Driver@68c1 (a4c95f41)][0m Got response with status 200: {"sessionId":"878ca557-7bdc-4fda-b7f6-3b146f7b26a7","value":{"ELEMENT":"00000000-0000-007a-ffff-ffff00000044","element-6066-11e4-a52e-4f735466cecf":"00000000-0000-007a-ffff-ffff00000044"}}
[38;5;32m[AndroidUiautomator2Driver@68c1 (a4c95f41)][0m Responding to client with driver.findElement() result: {"element-6066-11e4-a52e-4f735466cecf":"00000000-0000-007a-ffff-ffff00000044","ELEMENT":"00000000-0000-007a-ffff-ffff00000044"}
[38;5;0m[HTTP][0m [37m<-- POST /session/a4c95f41-623e-4cf5-806f-c0630f5fd835/element [39m[32m200[39m [90m771 ms - 137[39m
[38;5;0m[HTTP][0m [90m[39m
[38;5;0m[HTTP][0m [37m-->[39m [37mPOST[39m [37m/session/a4c95f41-623e-4cf5-806f-c0630f5fd835/element/00000000-0000-007a-ffff-ffff00000044/click[39m
[38;5;0m[HTTP][0m [90m{}[39m
[38;5;32m[AndroidUiautomator2Driver@68c1 (a4c95f41)][0m Calling AppiumDriver.click() with args: ["00000000-0000-007a-ffff-ffff00000044","a4c95f41-623e-4cf5-806f-c0630f5fd835"]
[38;5;32m[AndroidUiautomator2Driver@68c1 (a4c95f41)][0m Matched '/element/00000000-0000-007a-ffff-ffff00000044/click' to command name 'click'
[38;5;32m[AndroidUiautomator2Driver@68c1 (a4c95f41)][0m Proxying [POST /element/00000000-0000-007a-ffff-ffff00000044/click] to [POST http://127.0.0.1:8200/session/878ca557-7bdc-4fda-b7f6-3b146f7b26a7/element/00000000-0000-007a-ffff-ffff00000044/click] with body: {"element":"00000000-0000-007a-ffff-ffff00000044"}
[38;5;32m[AndroidUiautomator2Driver@68c1 (a4c95f41)][0m Got response with status 200: {"sessionId":"878ca557-7bdc-4fda-b7f6-3b146f7b26a7","value":null}
[38;5;32m[AndroidUiautomator2Driver@68c1 (a4c95f41)][0m Responding to client with driver.click() result: null
[38;5;0m[HTTP][0m [37m<-- POST /session/a4c95f41-623e-4cf5-806f-c0630f5fd835/element/00000000-0000-007a-ffff-ffff00000044/click [39m[32m200[39m [90m75 ms - 14[39m
[38;5;0m[HTTP][0m [90m[39m
[38;5;0m[HTTP][0m [37m-->[39m [37mPOST[39m [37m/session/a4c95f41-623e-4cf5-806f-c0630f5fd835/element[39m
[38;5;0m[HTTP][0m [90m{"using":"xpath","value":"//android.widget.TextView[@resource-id='com.fghilmany.dietmealapp:id/tv_header_desc']"}[39m
[38;5;32m[AndroidUiautomator2Driver@68c1 (a4c95f41)][0m Calling AppiumDriver.findElement() with args: ["xpath","//android.widget.TextView[@resource-id='com.fghilmany.dietmealapp:id/tv_header_desc']","a4c95f41-623e-4cf5-806f-c0630f5fd835"]
[38;5;32m[AndroidUiautomator2Driver@68c1 (a4c95f41)][0m Valid locator strategies for this request: xpath, id, class name, accessibility id, css selector, -android uiautomator
[38;5;32m[AndroidUiautomator2Driver@68c1 (a4c95f41)][0m Waiting up to 0 ms for condition
[38;5;32m[AndroidUiautomator2Driver@68c1 (a4c95f41)][0m Matched '/element' to command name 'findElement'
[38;5;32m[AndroidUiautomator2Driver@68c1 (a4c95f41)][0m Proxying [POST /element] to [POST http://127.0.0.1:8200/session/878ca557-7bdc-4fda-b7f6-3b146f7b26a7/element] with body: {"strategy":"xpath","selector":"//android.widget.TextView[@resource-id='com.fghilmany.dietmealapp:id/tv_header_desc']","context":"","multiple":false}
[38;5;32m[AndroidUiautomator2Driver@68c1 (a4c95f41)][0m Got response with status 200: {"sessionId":"878ca557-7bdc-4fda-b7f6-3b146f7b26a7","value":{"ELEMENT":"00000000-0000-007b-ffff-ffff00000061","element-6066-11e4-a52e-4f735466cecf":"00000000-0000-007b-ffff-ffff00000061"}}
[38;5;32m[AndroidUiautomator2Driver@68c1 (a4c95f41)][0m Responding to client with driver.findElement() result: {"element-6066-11e4-a52e-4f735466cecf":"00000000-0000-007b-ffff-ffff00000061","ELEMENT":"00000000-0000-007b-ffff-ffff00000061"}
[38;5;0m[HTTP][0m [37m<-- POST /session/a4c95f41-623e-4cf5-806f-c0630f5fd835/element [39m[32m200[39m [90m1922 ms - 137[39m
[38;5;0m[HTTP][0m [90m[39m
[38;5;0m[HTTP][0m [37m-->[39m [37mGET[39m [37m/session/a4c95f41-623e-4cf5-806f-c0630f5fd835/element/00000000-0000-007b-ffff-ffff00000061/text[39m
[38;5;0m[HTTP][0m [90m{}[39m
[38;5;32m[AndroidUiautomator2Driver@68c1 (a4c95f41)][0m Driver proxy active, passing request on via HTTP proxy
[38;5;32m[AndroidUiautomator2Driver@68c1 (a4c95f41)][0m Matched '/session/a4c95f41-623e-4cf5-806f-c0630f5fd835/element/00000000-0000-007b-ffff-ffff00000061/text' to command name 'getText'
[38;5;32m[AndroidUiautomator2Driver@68c1 (a4c95f41)][0m Proxying [GET /session/a4c95f41-623e-4cf5-806f-c0630f5fd835/element/00000000-0000-007b-ffff-ffff00000061/text] to [GET http://127.0.0.1:8200/session/878ca557-7bdc-4fda-b7f6-3b146f7b26a7/element/00000000-0000-007b-ffff-ffff00000061/text] with no body
[38;5;32m[AndroidUiautomator2Driver@68c1 (a4c95f41)][0m Got response with status 200: {"sessionId":"878ca557-7bdc-4fda-b7f6-3b146f7b26a7","value":"Ready to some calories today?"}
[38;5;32m[AndroidUiautomator2Driver@68c1 (a4c95f41)][0m Replacing sessionId 878ca557-7bdc-4fda-b7f6-3b146f7b26a7 with a4c95f41-623e-4cf5-806f-c0630f5fd835
[38;5;0m[HTTP][0m [37m<-- GET /session/a4c95f41-623e-4cf5-806f-c0630f5fd835/element/00000000-0000-007b-ffff-ffff00000061/text [39m[32m200[39m [90m32 ms - 92[39m
[38;5;0m[HTTP][0m [90m[39m
[38;5;0m[HTTP][0m [37m-->[39m [37mDELETE[39m [37m/session/a4c95f41-623e-4cf5-806f-c0630f5fd835[39m
[38;5;0m[HTTP][0m [90m{}[39m
[38;5;32m[AndroidUiautomator2Driver@68c1 (a4c95f41)][0m Calling AppiumDriver.deleteSession() with args: ["a4c95f41-623e-4cf5-806f-c0630f5fd835"]
[38;5;16m[AppiumDriver@90ef][0m Event 'quitSessionRequested' logged at 1710552000274 (08:20:00 GMT+0700 (Western Indonesia Time))
[38;5;16m[AppiumDriver@90ef][0m Removing session a4c95f41-623e-4cf5-806f-c0630f5fd835 from our master session list
[38;5;32m[AndroidUiautomator2Driver@68c1 (a4c95f41)][0m Deleting UiAutomator2 session
[38;5;32m[AndroidUiautomator2Driver@68c1 (a4c95f41)][0m Deleting UiAutomator2 server session
[38;5;32m[AndroidUiautomator2Driver@68c1 (a4c95f41)][0m Matched '/' to command name 'deleteSession'
[38;5;32m[AndroidUiautomator2Driver@68c1 (a4c95f41)][0m Proxying [DELETE /] to [DELETE http://127.0.0.1:8200/session/878ca557-7bdc-4fda-b7f6-3b146f7b26a7] with no body
[38;5;32m[AndroidUiautomator2Driver@68c1 (a4c95f41)][0m Got response with status 200: {"sessionId":"878ca557-7bdc-4fda-b7f6-3b146f7b26a7","value":null}
[38;5;48m[ADB][0m Running 'C:\Users\ACER\AppData\Local\Android\sdk\platform-tools\adb.exe -P 5037 -s RRCT4004PEW shell dumpsys activity services io.appium.settings/.recorder.RecorderService'
[38;5;80m[Logcat][0m Stopping logcat capture
[38;5;48m[ADB][0m Removing forwarded port socket connection: 8200 
[38;5;48m[ADB][0m Running 'C:\Users\ACER\AppData\Local\Android\sdk\platform-tools\adb.exe -P 5037 -s RRCT4004PEW forward --remove tcp:8200'
[38;5;32m[AndroidUiautomator2Driver@68c1 (a4c95f41)][0m Restoring hidden api policy to the device default configuration
[38;5;48m[ADB][0m Running 'C:\Users\ACER\AppData\Local\Android\sdk\platform-tools\adb.exe -P 5037 -s RRCT4004PEW shell 'settings delete global hidden_api_policy_pre_p_apps;settings delete global hidden_api_policy_p_apps;settings delete global hidden_api_policy''
[38;5;16m[AppiumDriver@90ef][0m Event 'quitSessionFinished' logged at 1710552000703 (08:20:00 GMT+0700 (Western Indonesia Time))
[38;5;16m[AppiumDriver@90ef][0m Received response: null
[38;5;16m[AppiumDriver@90ef][0m But deleting session, so not returning
[38;5;16m[AppiumDriver@90ef][0m Responding to client with driver.deleteSession() result: null
[38;5;0m[HTTP][0m [37m<-- DELETE /session/a4c95f41-623e-4cf5-806f-c0630f5fd835 [39m[32m200[39m [90m431 ms - 14[39m
[38;5;0m[HTTP][0m [90m[39m
[38;5;96m[Instrumentation][0m .
[38;5;96m[Instrumentation][0m Time: 23.043
[38;5;96m[Instrumentation][0m 
[38;5;96m[Instrumentation][0m OK (1 test)
[38;5;96m[Instrumentation][0m The process has exited with code 0
